<?xml version="1.0" encoding="UTF-8"?>
<!-- Generated by org.testng.reporters.JUnitReportReporter -->
<testsuite hostname="DESKTOP-7H4IG7D" failures="0" tests="1" name="com.qa.web.test.SelectTest" time="6.650" errors="0" timestamp="2021-10-28T22:09:37 GST" skipped="0">
  <testcase classname="com.qa.web.test.SelectTest" name="selectItems" time="6.650"/>
  <system-out/>
</testsuite> <!-- com.qa.web.test.SelectTest -->
