<?xml version="1.0" encoding="UTF-8"?>
<!-- Generated by org.testng.reporters.JUnitReportReporter -->
<testsuite hostname="DESKTOP-7H4IG7D" failures="0" tests="1" name="com.qa.web.test.SelectItemTest" time="7.348" errors="0" timestamp="2021-10-29T21:34:22 GST" skipped="0">
  <testcase classname="com.qa.web.test.SelectItemTest" name="selectItems" time="7.348"/>
  <system-out/>
</testsuite> <!-- com.qa.web.test.SelectItemTest -->
