<?xml version="1.0" encoding="UTF-8"?>
<!-- Generated by org.testng.reporters.JUnitReportReporter -->
<testsuite hostname="DESKTOP-7H4IG7D" failures="0" tests="1" name="com.qa.web.test.ControlgroupTest" time="4.384" errors="0" timestamp="2021-10-29T21:34:22 GST" skipped="0">
  <testcase classname="com.qa.web.test.ControlgroupTest" name="selectRadioButtonAndCheckBox" time="4.384"/>
  <system-out/>
</testsuite> <!-- com.qa.web.test.ControlgroupTest -->
