<?xml version="1.0" encoding="UTF-8"?>
<!-- Generated by org.testng.reporters.JUnitReportReporter -->
<testsuite hostname="DESKTOP-7H4IG7D" failures="0" tests="1" name="com.qa.web.test.Case2SelectItemTest" time="9.085" errors="0" timestamp="2021-10-28T22:15:18 GST" skipped="0">
  <testcase classname="com.qa.web.test.Case2SelectItemTest" name="selectItems" time="9.085"/>
  <system-out/>
</testsuite> <!-- com.qa.web.test.Case2SelectItemTest -->
